### SUMMARY: Disciple of Erastil
## Base Class: Paladin
## Lose:	Heavy Armor Proficiency
#			Shield Proficiency
## Change:	Divine Bond
#			Class Skills
#			Smite Evil
## Add:	1:	Precise Shot
#		1:	Weapon Proficiency (Net, Bolas)
#		1:	Knowledge (Nature), Survival
#		1:	3 Skill Points per level
#		1:	+2 Dodge bonus to AC and CMD. +3 at 6th level, +4 at 11th, +5 at 16th
#		1:	Smite Evil can target Neutral creatures with the Animal or Magical Creature type
#		5:	Can only take Special Mount Divine Bond

Disciple of Erastil		KEY:Paladin Archetype ~ Disciple of Erastil	CATEGORY:Archetype	TYPE:Archetype.PaladinArchetype		PRECLASS:1,Paladin=1		PREMULT:1,[PREABILITY:1,CATEGORY=Archetype,Paladin Archetype ~ Disciple of Erastil],[!PREFACT:1,ABILITIES,Paladin_Archetype_ClassSkills=True,Paladin_Archetype_Proficiencies=True,Paladin_Archetype_DivineBond=True]			FACT:Paladin_Archetype_ClassSkills|true	FACT:Paladin_Archetype_Proficiencies|true	FACT:Paladin_Archetype_DivineBond|true	FACT:Paladin_CF_ArmorProficiencyHeavy|true	FACT:Paladin_CF_ShieldProficiency|true	FACT:Paladin_CF_BondedWeapon|true		COST:0	DESC:Paladins of Erastil are tasked with protecting the wilds and those who live among them; as such they are often called to hunt some of the most dangerous creatures in nature.	ABILITY:Internal|AUTOMATIC|Disciple of Erastil ~ Class Skills|PRECLASS:1,Paladin=1	ABILITY:Special Ability|AUTOMATIC|Disciple of Erastil ~ Dodge Bonus|PRECLASS:1,Paladin=1	ABILITY:Special Ability|AUTOMATIC|Disciple of Erastil ~ Weapons of the Hunt|PRECLASS:1,Paladin=1	ABILITY:Special Ability|AUTOMATIC|Disciple of Erastil ~ Divine Bond|PRECLASS:1,Paladin=5	COST:0	ASPECT:Archetype Base Class|Paladin

# DISCIPLE OF ERASTIL
# Ability Name			Unique Key											Category of Ability			Type																											Define																																																Description																																																																																																																																																																																																																																																																																																																																																										Clone Movement		Auto Armor Prof				Auto Weapon Prof							Ability																																			Bonus Ability Pool							Bonus DR					Modify VAR																																	Allow Follower			Allowed Companions																													Vision			Damage Reduction			Source Page		Aspects
Class Skills			KEY:Disciple of Erastil ~ Class Skills				CATEGORY:Internal			TYPE:PaladinClassFeatures.ArchetypeAbility												CSKILL:Knowledge (Nature)|Survival																																							BONUS:SKILLPOOL|CLASS=Paladin;LEVEL=1|1	BONUS:SKILLPOOL|CLASS=Paladin;LEVEL=2|1	BONUS:SKILLPOOL|CLASS=Paladin;LEVEL=3|1	BONUS:SKILLPOOL|CLASS=Paladin;LEVEL=4|1	BONUS:SKILLPOOL|CLASS=Paladin;LEVEL=5|1	BONUS:SKILLPOOL|CLASS=Paladin;LEVEL=6|1	BONUS:SKILLPOOL|CLASS=Paladin;LEVEL=7|1	BONUS:SKILLPOOL|CLASS=Paladin;LEVEL=8|1	BONUS:SKILLPOOL|CLASS=Paladin;LEVEL=9|1	BONUS:SKILLPOOL|CLASS=Paladin;LEVEL=10|1	BONUS:SKILLPOOL|CLASS=Paladin;LEVEL=11|1	BONUS:SKILLPOOL|CLASS=Paladin;LEVEL=12|1	BONUS:SKILLPOOL|CLASS=Paladin;LEVEL=13|1	BONUS:SKILLPOOL|CLASS=Paladin;LEVEL=14|1	BONUS:SKILLPOOL|CLASS=Paladin;LEVEL=15|1	BONUS:SKILLPOOL|CLASS=Paladin;LEVEL=16|1	BONUS:SKILLPOOL|CLASS=Paladin;LEVEL=17|1	BONUS:SKILLPOOL|CLASS=Paladin;LEVEL=18|1	BONUS:SKILLPOOL|CLASS=Paladin;LEVEL=19|1	BONUS:SKILLPOOL|CLASS=Paladin;LEVEL=20|1
Dodge Bonus				KEY:Disciple of Erastil ~ Dodge Bonus				CATEGORY:Special Ability	TYPE:PaladinClassFeatures.ArchetypeAbility.SpecialQuality.Extraordinary			DEFINE:PaladinACBonus|0		DESC:A Paladin of Erastil must be light on her feet to survive the creatures she hunts and the wilds they inhabit.  She receives a +%1 Dodge bonus to AC and CMD. She loses this bonus if she is ever denied her Dexterity bonus to AC or CMD.|PaladinACBonus		BONUS:COMBAT|AC|PaladinACBonus|TYPE=Dodge	BONUS:VAR|PaladinACBonus|min(2+(PaladinLVL-1)/5,5)	BONUS:VAR|CMD|PaladinACBonus|TYPE=Dodge
Weapons of the Hunt		KEY:Disciple of Erastil ~ Weapons of the Hunt		CATEGORY:Special Ability	TYPE:PaladinClassFeatures.ArchetypeAbility.SpecialQuality.Extraordinary								DESC:A Paladin of Erastil requires a different array of equipment from a traditional Paladin.  She gains proficieny with Nets and Bolas as well as the Precise Shot feat.  This replaces the Paladin's Shield Proficiency.								ABILITY:FEAT|AUTOMATIC|Exotic Weapon Proficiency (Bolas)|Exotic Weapon Proficiency (Net)|Precise Shot
Divine Bond				KEY:Disciple of Erastil ~ Divine Bond				CATEGORY:Special Ability	TYPE:PaladinClassFeatures.ArchetypeAbility.ClassFeatures.Divine Bond								DESC:At 5th level, a Paladin of Erastil forms a bond with a mount, as the standard paladin ability.  However, she cannot form a bond with a weapon or any other equipment.
